[0819/142805.451:ERROR:process_memory_win.cc(73)] ReadMemory at 0x7ff6aeef0000 of 64 bytes failed: Only part of a ReadProcessMemory or WriteProcessMemory request was completed. (0x12B)
[0819/142812.170:WARNING:pe_image_reader.cc(340)] could not read dos header from C:\Program Files (x86)\Google\Chrome\Application\chrome.exe
[0819/142812.170:ERROR:process_memory_win.cc(73)] ReadMemory at 0x7ff823780000 of 64 bytes failed: Only part of a ReadProcessMemory or WriteProcessMemory request was completed. (0x12B)
[0819/142812.170:WARNING:pe_image_reader.cc(340)] could not read dos header from C:\WINDOWS\SYSTEM32\ntdll.dll
[0819/142812.170:ERROR:process_memory_win.cc(73)] ReadMemory at 0x7ff822a10000 of 64 bytes failed: Only part of a ReadProcessMemory or WriteProcessMemory request was completed. (0x12B)
[0819/142812.248:WARNING:pe_image_reader.cc(340)] could not read dos header from C:\WINDOWS\System32\KERNEL32.DLL
[0819/142812.248:ERROR:process_memory_win.cc(73)] ReadMemory at 0x7ff8211f0000 of 64 bytes failed: Only part of a ReadProcessMemory or WriteProcessMemory request was completed. (0x12B)
[0819/142812.249:WARNING:pe_image_reader.cc(340)] could not read dos header from C:\WINDOWS\System32\KERNELBASE.dll
[0819/142812.249:ERROR:process_memory_win.cc(73)] ReadMemory at 0x7ff81e8f0000 of 64 bytes failed: Only part of a ReadProcessMemory or WriteProcessMemory request was completed. (0x12B)
[0819/142812.249:WARNING:pe_image_reader.cc(340)] could not read dos header from C:\WINDOWS\SYSTEM32\apphelp.dll
[0819/142812.249:ERROR:process_memory_win.cc(73)] ReadMemory at 0x7ff8016c0000 of 64 bytes failed: Only part of a ReadProcessMemory or WriteProcessMemory request was completed. (0x12B)
[0819/142812.249:WARNING:pe_image_reader.cc(340)] could not read dos header from C:\Program Files (x86)\Google\Chrome\Application\84.0.4147.135\chrome_elf.dll
[0819/142812.249:ERROR:process_memory_win.cc(73)] ReadMemory at 0x7ff8150c0000 of 64 bytes failed: Only part of a ReadProcessMemory or WriteProcessMemory request was completed. (0x12B)
[0819/142812.249:WARNING:pe_image_reader.cc(340)] could not read dos header from C:\WINDOWS\SYSTEM32\VERSION.dll
[0819/142812.249:ERROR:process_memory_win.cc(73)] ReadMemory at 0x7ff8236a0000 of 64 bytes failed: Only part of a ReadProcessMemory or WriteProcessMemory request was completed. (0x12B)
[0819/142812.249:WARNING:pe_image_reader.cc(340)] could not read dos header from C:\WINDOWS\System32\msvcrt.dll
[0819/142812.249:ERROR:process_memory_win.cc(73)] ReadMemory at 0x7ff821540000 of 64 bytes failed: Only part of a ReadProcessMemory or WriteProcessMemory request was completed. (0x12B)
[0819/142812.249:WARNING:pe_image_reader.cc(340)] could not read dos header from C:\WINDOWS\System32\bcryptPrimitives.dll
[0819/142812.249:ERROR:process_memory_win.cc(73)] ReadMemory at 0x7ff823590000 of 64 bytes failed: Only part of a ReadProcessMemory or WriteProcessMemory request was completed. (0x12B)
[0819/142812.249:WARNING:pe_image_reader.cc(340)] could not read dos header from C:\WINDOWS\System32\ADVAPI32.dll
[0819/142812.249:ERROR:process_memory_win.cc(73)] ReadMemory at 0x7ff8233b0000 of 64 bytes failed: Only part of a ReadProcessMemory or WriteProcessMemory request was completed. (0x12B)
[0819/142812.249:WARNING:pe_image_reader.cc(340)] could not read dos header from C:\WINDOWS\System32\sechost.dll
[0819/142812.249:ERROR:process_memory_win.cc(73)] ReadMemory at 0x7ff822110000 of 64 bytes failed: Only part of a ReadProcessMemory or WriteProcessMemory request was completed. (0x12B)
[0819/142812.249:WARNING:pe_image_reader.cc(340)] could not read dos header from C:\WINDOWS\System32\RPCRT4.dll
[0819/142812.249:ERROR:process_memory_win.cc(73)] ReadMemory at 0x7fffd56b0000 of 64 bytes failed: Only part of a ReadProcessMemory or WriteProcessMemory request was completed. (0x12B)
[0819/142812.249:WARNING:pe_image_reader.cc(340)] could not read dos header from C:\Program Files (x86)\Google\Chrome\Application\84.0.4147.135\chrome.dll
[0819/142812.249:ERROR:process_memory_win.cc(73)] ReadMemory at 0x7ff823450000 of 64 bytes failed: Only part of a ReadProcessMemory or WriteProcessMemory request was completed. (0x12B)
[0819/142812.262:WARNING:pe_image_reader.cc(340)] could not read dos header from C:\WINDOWS\System32\WS2_32.dll
[0819/142812.262:ERROR:process_memory_win.cc(73)] ReadMemory at 0x7ff822040000 of 64 bytes failed: Only part of a ReadProcessMemory or WriteProcessMemory request was completed. (0x12B)
[0819/142812.262:WARNING:pe_image_reader.cc(340)] could not read dos header from C:\WINDOWS\System32\OLEAUT32.dll
[0819/142812.262:ERROR:process_memory_win.cc(73)] ReadMemory at 0x7ff8214a0000 of 64 bytes failed: Only part of a ReadProcessMemory or WriteProcessMemory request was completed. (0x12B)
[0819/142812.262:WARNING:pe_image_reader.cc(340)] could not read dos header from C:\WINDOWS\System32\msvcp_win.dll
[0819/142812.262:ERROR:process_memory_win.cc(73)] ReadMemory at 0x7ff8215c0000 of 64 bytes failed: Only part of a ReadProcessMemory or WriteProcessMemory request was completed. (0x12B)
[0819/142812.262:WARNING:pe_image_reader.cc(340)] could not read dos header from C:\WINDOWS\System32\ucrtbase.dll
[0819/142812.262:ERROR:process_memory_win.cc(73)] ReadMemory at 0x7ff822b40000 of 64 bytes failed: Only part of a ReadProcessMemory or WriteProcessMemory request was completed. (0x12B)
[0819/142812.262:WARNING:pe_image_reader.cc(340)] could not read dos header from C:\WINDOWS\System32\combase.dll
[0819/142812.262:ERROR:process_memory_win.cc(73)] ReadMemory at 0x7ff820e90000 of 64 bytes failed: Only part of a ReadProcessMemory or WriteProcessMemory request was completed. (0x12B)
[0819/142812.262:WARNING:pe_image_reader.cc(340)] could not read dos header from C:\WINDOWS\System32\WINTRUST.dll
[0819/142812.262:ERROR:process_memory_win.cc(73)] ReadMemory at 0x7ff820660000 of 64 bytes failed: Only part of a ReadProcessMemory or WriteProcessMemory request was completed. (0x12B)
[0819/142812.262:WARNING:pe_image_reader.cc(340)] could not read dos header from C:\WINDOWS\System32\MSASN1.dll
[0819/142812.262:ERROR:process_memory_win.cc(73)] ReadMemory at 0x7ff8216e0000 of 64 bytes failed: Only part of a ReadProcessMemory or WriteProcessMemory request was completed. (0x12B)
[0819/142812.262:WARNING:pe_image_reader.cc(340)] could not read dos header from C:\WINDOWS\System32\CRYPT32.dll
[0819/142812.263:ERROR:process_memory_win.cc(73)] ReadMemory at 0x7ff81fb50000 of 64 bytes failed: Only part of a ReadProcessMemory or WriteProcessMemory request was completed. (0x12B)
[0819/142812.263:WARNING:pe_image_reader.cc(340)] could not read dos header from C:\WINDOWS\SYSTEM32\IPHLPAPI.DLL
[0819/142812.263:ERROR:process_memory_win.cc(73)] ReadMemory at 0x7ff81e7f0000 of 64 bytes failed: Only part of a ReadProcessMemory or WriteProcessMemory request was completed. (0x12B)
[0819/142812.263:WARNING:pe_image_reader.cc(340)] could not read dos header from C:\WINDOWS\SYSTEM32\WINMM.dll
[0819/142812.263:ERROR:process_memory_win.cc(73)] ReadMemory at 0x7ff80fa00000 of 64 bytes failed: Only part of a ReadProcessMemory or WriteProcessMemory request was completed. (0x12B)
[0819/142812.263:WARNING:pe_image_reader.cc(340)] could not read dos header from C:\WINDOWS\SYSTEM32\Secur32.dll
[0819/142812.263:ERROR:process_memory_win.cc(73)] ReadMemory at 0x7ff820550000 of 64 bytes failed: Only part of a ReadProcessMemory or WriteProcessMemory request was completed. (0x12B)
[0819/142812.263:WARNING:pe_image_reader.cc(340)] could not read dos header from C:\WINDOWS\SYSTEM32\USERENV.dll
[0819/142812.263:ERROR:process_memory_win.cc(73)] ReadMemory at 0x7ff820680000 of 64 bytes failed: Only part of a ReadProcessMemory or WriteProcessMemory request was completed. (0x12B)
[0819/142812.263:WARNING:pe_image_reader.cc(340)] could not read dos header from C:\WINDOWS\System32\profapi.dll
[0819/142812.263:ERROR:process_memory_win.cc(73)] ReadMemory at 0x7ffff02d0000 of 64 bytes failed: Only part of a ReadProcessMemory or WriteProcessMemory request was completed. (0x12B)
[0819/142812.263:WARNING:pe_image_reader.cc(340)] could not read dos header from C:\WINDOWS\SYSTEM32\UIAutomationCore.DLL
[0819/142812.263:ERROR:process_memory_win.cc(73)] ReadMemory at 0x7ffff8a50000 of 64 bytes failed: Only part of a ReadProcessMemory or WriteProcessMemory request was completed. (0x12B)
[0819/142812.263:WARNING:pe_image_reader.cc(340)] could not read dos header from C:\WINDOWS\SYSTEM32\DWrite.dll
[0819/142812.263:ERROR:process_memory_win.cc(73)] ReadMemory at 0x7ff814aa0000 of 64 bytes failed: Only part of a ReadProcessMemory or WriteProcessMemory request was completed. (0x12B)
[0819/142812.263:WARNING:pe_image_reader.cc(340)] could not read dos header from C:\WINDOWS\SYSTEM32\WINSPOOL.DRV
[0819/142812.263:ERROR:process_memory_win.cc(73)] ReadMemory at 0x7ff820640000 of 64 bytes failed: Only part of a ReadProcessMemory or WriteProcessMemory request was completed. (0x12B)
[0819/142812.263:WARNING:pe_image_reader.cc(340)] could not read dos header from C:\WINDOWS\System32\kernel.appcore.dll
[0819/142812.263:ERROR:process_memory_win.cc(73)] ReadMemory at 0x7ff820f20000 of 64 bytes failed: Only part of a ReadProcessMemory or WriteProcessMemory request was completed. (0x12B)
[0819/142812.263:WARNING:pe_image_reader.cc(340)] could not read dos header from C:\WINDOWS\System32\bcrypt.dll
[0819/142812.263:ERROR:process_memory_win.cc(73)] ReadMemory at 0x7ff810090000 of 64 bytes failed: Only part of a ReadProcessMemory or WriteProcessMemory request was completed. (0x12B)
[0819/142812.263:WARNING:pe_image_reader.cc(340)] could not read dos header from C:\WINDOWS\SYSTEM32\dbghelp.dll
[0819/142812.263:ERROR:process_memory_win.cc(73)] ReadMemory at 0x7ff814250000 of 64 bytes failed: Only part of a ReadProcessMemory or WriteProcessMemory request was completed. (0x12B)
[0819/142812.264:WARNING:pe_image_reader.cc(340)] could not read dos header from C:\WINDOWS\SYSTEM32\WINHTTP.dll
[0819/142812.264:ERROR:process_memory_win.cc(73)] ReadMemory at 0x7ff8145b0000 of 64 bytes failed: Only part of a ReadProcessMemory or WriteProcessMemory request was completed. (0x12B)
[0819/142812.264:WARNING:pe_image_reader.cc(340)] could not read dos header from C:\WINDOWS\SYSTEM32\dhcpcsvc.DLL
[0819/142812.264:ERROR:process_memory_win.cc(73)] ReadMemory at 0x7ff8233a0000 of 64 bytes failed: Only part of a ReadProcessMemory or WriteProcessMemory request was completed. (0x12B)
[0819/142812.264:WARNING:pe_image_reader.cc(340)] could not read dos header from C:\WINDOWS\System32\NSI.dll
[0819/142812.264:ERROR:process_memory_win.cc(73)] ReadMemory at 0x7ff81e7c0000 of 64 bytes failed: Only part of a ReadProcessMemory or WriteProcessMemory request was completed. (0x12B)
[0819/142812.264:WARNING:pe_image_reader.cc(340)] could not read dos header from C:\WINDOWS\SYSTEM32\WINMMBASE.dll
[0819/142812.264:ERROR:process_memory_win.cc(73)] ReadMemory at 0x7ff8210f0000 of 64 bytes failed: Only part of a ReadProcessMemory or WriteProcessMemory request was completed. (0x12B)
[0819/142812.264:WARNING:pe_image_reader.cc(340)] could not read dos header from C:\WINDOWS\System32\cfgmgr32.dll
[0819/142812.264:ERROR:process_memory_win.cc(73)] ReadMemory at 0x7ff81cfe0000 of 64 bytes failed: Only part of a ReadProcessMemory or WriteProcessMemory request was completed. (0x12B)
[0819/142812.264:WARNING:pe_image_reader.cc(340)] could not read dos header from C:\WINDOWS\SYSTEM32\PROPSYS.dll
[0819/142812.264:ERROR:process_memory_win.cc(73)] ReadMemory at 0x7ff822300000 of 64 bytes failed: Only part of a ReadProcessMemory or WriteProcessMemory request was completed. (0x12B)
[0819/142812.264:WARNING:pe_image_reader.cc(340)] could not read dos header from C:\WINDOWS\System32\shcore.dll
[0819/142812.264:ERROR:process_memory_win.cc(73)] ReadMemory at 0x7ff820520000 of 64 bytes failed: Only part of a ReadProcessMemory or WriteProcessMemory request was completed. (0x12B)
[0819/142812.264:WARNING:pe_image_reader.cc(340)] could not read dos header from C:\WINDOWS\SYSTEM32\SSPICLI.DLL
[0819/142812.264:ERROR:process_memory_win.cc(73)] ReadMemory at 0x7ff820010000 of 64 bytes failed: Only part of a ReadProcessMemory or WriteProcessMemory request was completed. (0x12B)
[0819/142812.264:WARNING:pe_image_reader.cc(340)] could not read dos header from C:\WINDOWS\SYSTEM32\CRYPTBASE.DLL
[0819/142813.656:ERROR:process_memory_win.cc(73)] ReadMemory at 0x7ff6aeef0000 of 64 bytes failed: Only part of a ReadProcessMemory or WriteProcessMemory request was completed. (0x12B)
[0819/142813.656:WARNING:pe_image_reader.cc(340)] could not read dos header from C:\Program Files (x86)\Google\Chrome\Application\chrome.exe
[0819/142813.656:ERROR:process_memory_win.cc(73)] ReadMemory at 0x7ff823780000 of 64 bytes failed: Only part of a ReadProcessMemory or WriteProcessMemory request was completed. (0x12B)
[0819/142813.656:WARNING:pe_image_reader.cc(340)] could not read dos header from C:\WINDOWS\SYSTEM32\ntdll.dll
[0819/142813.657:ERROR:process_memory_win.cc(73)] ReadMemory at 0x7ff822a10000 of 64 bytes failed: Only part of a ReadProcessMemory or WriteProcessMemory request was completed. (0x12B)
[0819/142813.657:WARNING:pe_image_reader.cc(340)] could not read dos header from C:\WINDOWS\System32\KERNEL32.DLL
[0819/142813.657:ERROR:process_memory_win.cc(73)] ReadMemory at 0x7ff8211f0000 of 64 bytes failed: Only part of a ReadProcessMemory or WriteProcessMemory request was completed. (0x12B)
[0819/142813.657:WARNING:pe_image_reader.cc(340)] could not read dos header from C:\WINDOWS\System32\KERNELBASE.dll
[0819/142813.657:ERROR:process_memory_win.cc(73)] ReadMemory at 0x7ff81e8f0000 of 64 bytes failed: Only part of a ReadProcessMemory or WriteProcessMemory request was completed. (0x12B)
[0819/142813.657:WARNING:pe_image_reader.cc(340)] could not read dos header from C:\WINDOWS\SYSTEM32\apphelp.dll
[0819/142813.657:ERROR:process_memory_win.cc(73)] ReadMemory at 0x7ff8016c0000 of 64 bytes failed: Only part of a ReadProcessMemory or WriteProcessMemory request was completed. (0x12B)
[0819/142813.657:WARNING:pe_image_reader.cc(340)] could not read dos header from C:\Program Files (x86)\Google\Chrome\Application\84.0.4147.135\chrome_elf.dll
[0819/142813.657:ERROR:process_memory_win.cc(73)] ReadMemory at 0x7ff8150c0000 of 64 bytes failed: Only part of a ReadProcessMemory or WriteProcessMemory request was completed. (0x12B)
[0819/142813.657:WARNING:pe_image_reader.cc(340)] could not read dos header from C:\WINDOWS\SYSTEM32\VERSION.dll
[0819/142813.657:ERROR:process_memory_win.cc(73)] ReadMemory at 0x7ff8236a0000 of 64 bytes failed: Only part of a ReadProcessMemory or WriteProcessMemory request was completed. (0x12B)
[0819/142813.657:WARNING:pe_image_reader.cc(340)] could not read dos header from C:\WINDOWS\System32\msvcrt.dll
[0819/142813.658:ERROR:process_memory_win.cc(73)] ReadMemory at 0x7ff821540000 of 64 bytes failed: Only part of a ReadProcessMemory or WriteProcessMemory request was completed. (0x12B)
[0819/142813.658:WARNING:pe_image_reader.cc(340)] could not read dos header from C:\WINDOWS\System32\bcryptPrimitives.dll
[0819/142813.658:ERROR:process_memory_win.cc(73)] ReadMemory at 0x7ff823590000 of 64 bytes failed: Only part of a ReadProcessMemory or WriteProcessMemory request was completed. (0x12B)
[0819/142813.658:WARNING:pe_image_reader.cc(340)] could not read dos header from C:\WINDOWS\System32\ADVAPI32.dll
[0819/142813.658:ERROR:process_memory_win.cc(73)] ReadMemory at 0x7ff8233b0000 of 64 bytes failed: Only part of a ReadProcessMemory or WriteProcessMemory request was completed. (0x12B)
[0819/142813.658:WARNING:pe_image_reader.cc(340)] could not read dos header from C:\WINDOWS\System32\sechost.dll
[0819/142813.658:ERROR:process_memory_win.cc(73)] ReadMemory at 0x7ff822110000 of 64 bytes failed: Only part of a ReadProcessMemory or WriteProcessMemory request was completed. (0x12B)
[0819/142813.658:WARNING:pe_image_reader.cc(340)] could not read dos header from C:\WINDOWS\System32\RPCRT4.dll
[0819/142813.658:ERROR:process_memory_win.cc(73)] ReadMemory at 0x7fffd56b0000 of 64 bytes failed: Only part of a ReadProcessMemory or WriteProcessMemory request was completed. (0x12B)
[0819/142813.658:WARNING:pe_image_reader.cc(340)] could not read dos header from C:\Program Files (x86)\Google\Chrome\Application\84.0.4147.135\chrome.dll
[0819/142813.658:ERROR:process_memory_win.cc(73)] ReadMemory at 0x7ff823450000 of 64 bytes failed: Only part of a ReadProcessMemory or WriteProcessMemory request was completed. (0x12B)
[0819/142813.949:WARNING:pe_image_reader.cc(340)] could not read dos header from C:\WINDOWS\System32\WS2_32.dll
[0819/142813.949:ERROR:process_memory_win.cc(73)] ReadMemory at 0x7ff822040000 of 64 bytes failed: Only part of a ReadProcessMemory or WriteProcessMemory request was completed. (0x12B)
[0819/142813.950:WARNING:pe_image_reader.cc(340)] could not read dos header from C:\WINDOWS\System32\OLEAUT32.dll
[0819/142813.950:ERROR:process_memory_win.cc(73)] ReadMemory at 0x7ff8214a0000 of 64 bytes failed: Only part of a ReadProcessMemory or WriteProcessMemory request was completed. (0x12B)
[0819/142813.950:WARNING:pe_image_reader.cc(340)] could not read dos header from C:\WINDOWS\System32\msvcp_win.dll
[0819/142813.950:ERROR:process_memory_win.cc(73)] ReadMemory at 0x7ff8215c0000 of 64 bytes failed: Only part of a ReadProcessMemory or WriteProcessMemory request was completed. (0x12B)
[0819/142813.950:WARNING:pe_image_reader.cc(340)] could not read dos header from C:\WINDOWS\System32\ucrtbase.dll
[0819/142813.950:ERROR:process_memory_win.cc(73)] ReadMemory at 0x7ff822b40000 of 64 bytes failed: Only part of a ReadProcessMemory or WriteProcessMemory request was completed. (0x12B)
[0819/142813.950:WARNING:pe_image_reader.cc(340)] could not read dos header from C:\WINDOWS\System32\combase.dll
[0819/142813.950:ERROR:process_memory_win.cc(73)] ReadMemory at 0x7ff820e90000 of 64 bytes failed: Only part of a ReadProcessMemory or WriteProcessMemory request was completed. (0x12B)
[0819/142813.950:WARNING:pe_image_reader.cc(340)] could not read dos header from C:\WINDOWS\System32\WINTRUST.dll
[0819/142813.950:ERROR:process_memory_win.cc(73)] ReadMemory at 0x7ff820660000 of 64 bytes failed: Only part of a ReadProcessMemory or WriteProcessMemory request was completed. (0x12B)
[0819/142813.950:WARNING:pe_image_reader.cc(340)] could not read dos header from C:\WINDOWS\System32\MSASN1.dll
[0819/142813.950:ERROR:process_memory_win.cc(73)] ReadMemory at 0x7ff8216e0000 of 64 bytes failed: Only part of a ReadProcessMemory or WriteProcessMemory request was completed. (0x12B)
[0819/142813.950:WARNING:pe_image_reader.cc(340)] could not read dos header from C:\WINDOWS\System32\CRYPT32.dll
[0819/142813.951:ERROR:process_memory_win.cc(73)] ReadMemory at 0x7ff81fb50000 of 64 bytes failed: Only part of a ReadProcessMemory or WriteProcessMemory request was completed. (0x12B)
[0819/142813.951:WARNING:pe_image_reader.cc(340)] could not read dos header from C:\WINDOWS\SYSTEM32\IPHLPAPI.DLL
[0819/142813.951:ERROR:process_memory_win.cc(73)] ReadMemory at 0x7ff81e7f0000 of 64 bytes failed: Only part of a ReadProcessMemory or WriteProcessMemory request was completed. (0x12B)
[0819/142813.951:WARNING:pe_image_reader.cc(340)] could not read dos header from C:\WINDOWS\SYSTEM32\WINMM.dll
[0819/142813.951:ERROR:process_memory_win.cc(73)] ReadMemory at 0x7ff80fa00000 of 64 bytes failed: Only part of a ReadProcessMemory or WriteProcessMemory request was completed. (0x12B)
[0819/142813.951:WARNING:pe_image_reader.cc(340)] could not read dos header from C:\WINDOWS\SYSTEM32\Secur32.dll
[0819/142813.951:ERROR:process_memory_win.cc(73)] ReadMemory at 0x7ff820550000 of 64 bytes failed: Only part of a ReadProcessMemory or WriteProcessMemory request was completed. (0x12B)
[0819/142813.951:WARNING:pe_image_reader.cc(340)] could not read dos header from C:\WINDOWS\SYSTEM32\USERENV.dll
[0819/142813.951:ERROR:process_memory_win.cc(73)] ReadMemory at 0x7ff820680000 of 64 bytes failed: Only part of a ReadProcessMemory or WriteProcessMemory request was completed. (0x12B)
[0819/142813.951:WARNING:pe_image_reader.cc(340)] could not read dos header from C:\WINDOWS\System32\profapi.dll
[0819/142813.951:ERROR:process_memory_win.cc(73)] ReadMemory at 0x7ffff02d0000 of 64 bytes failed: Only part of a ReadProcessMemory or WriteProcessMemory request was completed. (0x12B)
[0819/142813.951:WARNING:pe_image_reader.cc(340)] could not read dos header from C:\WINDOWS\SYSTEM32\UIAutomationCore.DLL
[0819/142813.951:ERROR:process_memory_win.cc(73)] ReadMemory at 0x7ffff8a50000 of 64 bytes failed: Only part of a ReadProcessMemory or WriteProcessMemory request was completed. (0x12B)
[0819/142813.952:WARNING:pe_image_reader.cc(340)] could not read dos header from C:\WINDOWS\SYSTEM32\DWrite.dll
[0819/142813.952:ERROR:process_memory_win.cc(73)] ReadMemory at 0x7ff814aa0000 of 64 bytes failed: Only part of a ReadProcessMemory or WriteProcessMemory request was completed. (0x12B)
[0819/142813.952:WARNING:pe_image_reader.cc(340)] could not read dos header from C:\WINDOWS\SYSTEM32\WINSPOOL.DRV
[0819/142813.952:ERROR:process_memory_win.cc(73)] ReadMemory at 0x7ff820640000 of 64 bytes failed: Only part of a ReadProcessMemory or WriteProcessMemory request was completed. (0x12B)
[0819/142813.952:WARNING:pe_image_reader.cc(340)] could not read dos header from C:\WINDOWS\System32\kernel.appcore.dll
[0819/142813.952:ERROR:process_memory_win.cc(73)] ReadMemory at 0x7ff820f20000 of 64 bytes failed: Only part of a ReadProcessMemory or WriteProcessMemory request was completed. (0x12B)
[0819/142813.952:WARNING:pe_image_reader.cc(340)] could not read dos header from C:\WINDOWS\System32\bcrypt.dll
[0819/142813.952:ERROR:process_memory_win.cc(73)] ReadMemory at 0x7ff810090000 of 64 bytes failed: Only part of a ReadProcessMemory or WriteProcessMemory request was completed. (0x12B)
[0819/142813.952:WARNING:pe_image_reader.cc(340)] could not read dos header from C:\WINDOWS\SYSTEM32\dbghelp.dll
[0819/142813.952:ERROR:process_memory_win.cc(73)] ReadMemory at 0x7ff814250000 of 64 bytes failed: Only part of a ReadProcessMemory or WriteProcessMemory request was completed. (0x12B)
[0819/142813.952:WARNING:pe_image_reader.cc(340)] could not read dos header from C:\WINDOWS\SYSTEM32\WINHTTP.dll
[0819/142813.952:ERROR:process_memory_win.cc(73)] ReadMemory at 0x7ff8145b0000 of 64 bytes failed: Only part of a ReadProcessMemory or WriteProcessMemory request was completed. (0x12B)
[0819/142813.952:WARNING:pe_image_reader.cc(340)] could not read dos header from C:\WINDOWS\SYSTEM32\dhcpcsvc.DLL
[0819/142813.953:ERROR:process_memory_win.cc(73)] ReadMemory at 0x7ff8233a0000 of 64 bytes failed: Only part of a ReadProcessMemory or WriteProcessMemory request was completed. (0x12B)
[0819/142813.953:WARNING:pe_image_reader.cc(340)] could not read dos header from C:\WINDOWS\System32\NSI.dll
[0819/142813.953:ERROR:process_memory_win.cc(73)] ReadMemory at 0x7ff81e7c0000 of 64 bytes failed: Only part of a ReadProcessMemory or WriteProcessMemory request was completed. (0x12B)
[0819/142813.953:WARNING:pe_image_reader.cc(340)] could not read dos header from C:\WINDOWS\SYSTEM32\WINMMBASE.dll
[0819/142813.953:ERROR:process_memory_win.cc(73)] ReadMemory at 0x7ff8210f0000 of 64 bytes failed: Only part of a ReadProcessMemory or WriteProcessMemory request was completed. (0x12B)
[0819/142813.953:WARNING:pe_image_reader.cc(340)] could not read dos header from C:\WINDOWS\System32\cfgmgr32.dll
[0819/142813.953:ERROR:process_memory_win.cc(73)] ReadMemory at 0x7ff81cfe0000 of 64 bytes failed: Only part of a ReadProcessMemory or WriteProcessMemory request was completed. (0x12B)
[0819/142813.953:WARNING:pe_image_reader.cc(340)] could not read dos header from C:\WINDOWS\SYSTEM32\PROPSYS.dll
[0819/142813.953:ERROR:process_memory_win.cc(73)] ReadMemory at 0x7ff822300000 of 64 bytes failed: Only part of a ReadProcessMemory or WriteProcessMemory request was completed. (0x12B)
[0819/142813.953:WARNING:pe_image_reader.cc(340)] could not read dos header from C:\WINDOWS\System32\shcore.dll
[0819/142813.953:ERROR:process_memory_win.cc(73)] ReadMemory at 0x7ff820520000 of 64 bytes failed: Only part of a ReadProcessMemory or WriteProcessMemory request was completed. (0x12B)
[0819/142813.953:WARNING:pe_image_reader.cc(340)] could not read dos header from C:\WINDOWS\SYSTEM32\SSPICLI.DLL
[0819/142813.953:ERROR:process_memory_win.cc(73)] ReadMemory at 0x7ff820010000 of 64 bytes failed: Only part of a ReadProcessMemory or WriteProcessMemory request was completed. (0x12B)
[0819/142813.953:WARNING:pe_image_reader.cc(340)] could not read dos header from C:\WINDOWS\SYSTEM32\CRYPTBASE.DLL
[0819/142813.954:ERROR:process_memory_win.cc(73)] ReadMemory at 0x7ff6aeef0000 of 64 bytes failed: Only part of a ReadProcessMemory or WriteProcessMemory request was completed. (0x12B)
[0819/142813.954:WARNING:pe_image_reader.cc(340)] could not read dos header from C:\Program Files (x86)\Google\Chrome\Application\chrome.exe
[0819/142813.954:ERROR:process_memory_win.cc(73)] ReadMemory at 0x7ff823780000 of 64 bytes failed: Only part of a ReadProcessMemory or WriteProcessMemory request was completed. (0x12B)
[0819/142813.954:WARNING:pe_image_reader.cc(340)] could not read dos header from C:\WINDOWS\SYSTEM32\ntdll.dll
[0819/142813.954:ERROR:process_memory_win.cc(73)] ReadMemory at 0x7ff822a10000 of 64 bytes failed: Only part of a ReadProcessMemory or WriteProcessMemory request was completed. (0x12B)
[0819/142813.954:WARNING:pe_image_reader.cc(340)] could not read dos header from C:\WINDOWS\System32\KERNEL32.DLL
[0819/142813.954:ERROR:process_memory_win.cc(73)] ReadMemory at 0x7ff8211f0000 of 64 bytes failed: Only part of a ReadProcessMemory or WriteProcessMemory request was completed. (0x12B)
[0819/142813.954:WARNING:pe_image_reader.cc(340)] could not read dos header from C:\WINDOWS\System32\KERNELBASE.dll
[0819/142813.954:ERROR:process_memory_win.cc(73)] ReadMemory at 0x7ff81e8f0000 of 64 bytes failed: Only part of a ReadProcessMemory or WriteProcessMemory request was completed. (0x12B)
[0819/142813.954:WARNING:pe_image_reader.cc(340)] could not read dos header from C:\WINDOWS\SYSTEM32\apphelp.dll
[0819/142813.954:ERROR:process_memory_win.cc(73)] ReadMemory at 0x7ff8016c0000 of 64 bytes failed: Only part of a ReadProcessMemory or WriteProcessMemory request was completed. (0x12B)
[0819/142813.954:WARNING:pe_image_reader.cc(340)] could not read dos header from C:\Program Files (x86)\Google\Chrome\Application\84.0.4147.135\chrome_elf.dll
[0819/142813.954:ERROR:process_memory_win.cc(73)] ReadMemory at 0x7ff8150c0000 of 64 bytes failed: Only part of a ReadProcessMemory or WriteProcessMemory request was completed. (0x12B)
[0819/142813.954:WARNING:pe_image_reader.cc(340)] could not read dos header from C:\WINDOWS\SYSTEM32\VERSION.dll
[0819/142813.955:ERROR:process_memory_win.cc(73)] ReadMemory at 0x7ff8236a0000 of 64 bytes failed: Only part of a ReadProcessMemory or WriteProcessMemory request was completed. (0x12B)
[0819/142813.955:WARNING:pe_image_reader.cc(340)] could not read dos header from C:\WINDOWS\System32\msvcrt.dll
[0819/142813.955:ERROR:process_memory_win.cc(73)] ReadMemory at 0x7ff821540000 of 64 bytes failed: Only part of a ReadProcessMemory or WriteProcessMemory request was completed. (0x12B)
[0819/142813.955:WARNING:pe_image_reader.cc(340)] could not read dos header from C:\WINDOWS\System32\bcryptPrimitives.dll
[0819/142813.955:ERROR:process_memory_win.cc(73)] ReadMemory at 0x7ff823590000 of 64 bytes failed: Only part of a ReadProcessMemory or WriteProcessMemory request was completed. (0x12B)
[0819/142813.955:WARNING:pe_image_reader.cc(340)] could not read dos header from C:\WINDOWS\System32\ADVAPI32.dll
[0819/142813.955:ERROR:process_memory_win.cc(73)] ReadMemory at 0x7ff8233b0000 of 64 bytes failed: Only part of a ReadProcessMemory or WriteProcessMemory request was completed. (0x12B)
[0819/142813.955:WARNING:pe_image_reader.cc(340)] could not read dos header from C:\WINDOWS\System32\sechost.dll
[0819/142813.955:ERROR:process_memory_win.cc(73)] ReadMemory at 0x7ff822110000 of 64 bytes failed: Only part of a ReadProcessMemory or WriteProcessMemory request was completed. (0x12B)
[0819/142813.955:WARNING:pe_image_reader.cc(340)] could not read dos header from C:\WINDOWS\System32\RPCRT4.dll
[0819/142813.955:ERROR:process_memory_win.cc(73)] ReadMemory at 0x7fffd56b0000 of 64 bytes failed: Only part of a ReadProcessMemory or WriteProcessMemory request was completed. (0x12B)
[0819/142813.955:WARNING:pe_image_reader.cc(340)] could not read dos header from C:\Program Files (x86)\Google\Chrome\Application\84.0.4147.135\chrome.dll
[0819/142813.955:ERROR:process_memory_win.cc(73)] ReadMemory at 0x7ff823450000 of 64 bytes failed: Only part of a ReadProcessMemory or WriteProcessMemory request was completed. (0x12B)
[0819/142813.955:WARNING:pe_image_reader.cc(340)] could not read dos header from C:\WINDOWS\System32\WS2_32.dll
[0819/142813.955:ERROR:process_memory_win.cc(73)] ReadMemory at 0x7ff822040000 of 64 bytes failed: Only part of a ReadProcessMemory or WriteProcessMemory request was completed. (0x12B)
[0819/142813.955:WARNING:pe_image_reader.cc(340)] could not read dos header from C:\WINDOWS\System32\OLEAUT32.dll
[0819/142813.956:ERROR:process_memory_win.cc(73)] ReadMemory at 0x7ff8214a0000 of 64 bytes failed: Only part of a ReadProcessMemory or WriteProcessMemory request was completed. (0x12B)
[0819/142813.956:WARNING:pe_image_reader.cc(340)] could not read dos header from C:\WINDOWS\System32\msvcp_win.dll
[0819/142813.956:ERROR:process_memory_win.cc(73)] ReadMemory at 0x7ff8215c0000 of 64 bytes failed: Only part of a ReadProcessMemory or WriteProcessMemory request was completed. (0x12B)
[0819/142813.956:WARNING:pe_image_reader.cc(340)] could not read dos header from C:\WINDOWS\System32\ucrtbase.dll
[0819/142813.956:ERROR:process_memory_win.cc(73)] ReadMemory at 0x7ff822b40000 of 64 bytes failed: Only part of a ReadProcessMemory or WriteProcessMemory request was completed. (0x12B)
[0819/142813.956:WARNING:pe_image_reader.cc(340)] could not read dos header from C:\WINDOWS\System32\combase.dll
[0819/142813.956:ERROR:process_memory_win.cc(73)] ReadMemory at 0x7ff820e90000 of 64 bytes failed: Only part of a ReadProcessMemory or WriteProcessMemory request was completed. (0x12B)
[0819/142813.956:WARNING:pe_image_reader.cc(340)] could not read dos header from C:\WINDOWS\System32\WINTRUST.dll
[0819/142813.956:ERROR:process_memory_win.cc(73)] ReadMemory at 0x7ff820660000 of 64 bytes failed: Only part of a ReadProcessMemory or WriteProcessMemory request was completed. (0x12B)
[0819/142813.956:WARNING:pe_image_reader.cc(340)] could not read dos header from C:\WINDOWS\System32\MSASN1.dll
[0819/142813.956:ERROR:process_memory_win.cc(73)] ReadMemory at 0x7ff8216e0000 of 64 bytes failed: Only part of a ReadProcessMemory or WriteProcessMemory request was completed. (0x12B)
[0819/142813.956:WARNING:pe_image_reader.cc(340)] could not read dos header from C:\WINDOWS\System32\CRYPT32.dll
[0819/142813.956:ERROR:process_memory_win.cc(73)] ReadMemory at 0x7ff81fb50000 of 64 bytes failed: Only part of a ReadProcessMemory or WriteProcessMemory request was completed. (0x12B)
[0819/142813.956:WARNING:pe_image_reader.cc(340)] could not read dos header from C:\WINDOWS\SYSTEM32\IPHLPAPI.DLL
[0819/142813.957:ERROR:process_memory_win.cc(73)] ReadMemory at 0x7ff81e7f0000 of 64 bytes failed: Only part of a ReadProcessMemory or WriteProcessMemory request was completed. (0x12B)
[0819/142813.957:WARNING:pe_image_reader.cc(340)] could not read dos header from C:\WINDOWS\SYSTEM32\WINMM.dll
[0819/142813.957:ERROR:process_memory_win.cc(73)] ReadMemory at 0x7ff80fa00000 of 64 bytes failed: Only part of a ReadProcessMemory or WriteProcessMemory request was completed. (0x12B)
[0819/142813.957:WARNING:pe_image_reader.cc(340)] could not read dos header from C:\WINDOWS\SYSTEM32\Secur32.dll
[0819/142813.957:ERROR:process_memory_win.cc(73)] ReadMemory at 0x7ff820550000 of 64 bytes failed: Only part of a ReadProcessMemory or WriteProcessMemory request was completed. (0x12B)
[0819/142813.957:WARNING:pe_image_reader.cc(340)] could not read dos header from C:\WINDOWS\SYSTEM32\USERENV.dll
[0819/142813.957:ERROR:process_memory_win.cc(73)] ReadMemory at 0x7ff820680000 of 64 bytes failed: Only part of a ReadProcessMemory or WriteProcessMemory request was completed. (0x12B)
[0819/142813.957:WARNING:pe_image_reader.cc(340)] could not read dos header from C:\WINDOWS\System32\profapi.dll
[0819/142813.957:ERROR:process_memory_win.cc(73)] ReadMemory at 0x7ffff02d0000 of 64 bytes failed: Only part of a ReadProcessMemory or WriteProcessMemory request was completed. (0x12B)
[0819/142813.957:WARNING:pe_image_reader.cc(340)] could not read dos header from C:\WINDOWS\SYSTEM32\UIAutomationCore.DLL
[0819/142813.957:ERROR:process_memory_win.cc(73)] ReadMemory at 0x7ffff8a50000 of 64 bytes failed: Only part of a ReadProcessMemory or WriteProcessMemory request was completed. (0x12B)
[0819/142813.957:WARNING:pe_image_reader.cc(340)] could not read dos header from C:\WINDOWS\SYSTEM32\DWrite.dll
[0819/142813.957:ERROR:process_memory_win.cc(73)] ReadMemory at 0x7ff814aa0000 of 64 bytes failed: Only part of a ReadProcessMemory or WriteProcessMemory request was completed. (0x12B)
[0819/142813.957:WARNING:pe_image_reader.cc(340)] could not read dos header from C:\WINDOWS\SYSTEM32\WINSPOOL.DRV
[0819/142813.958:ERROR:process_memory_win.cc(73)] ReadMemory at 0x7ff820640000 of 64 bytes failed: Only part of a ReadProcessMemory or WriteProcessMemory request was completed. (0x12B)
[0819/142813.958:WARNING:pe_image_reader.cc(340)] could not read dos header from C:\WINDOWS\System32\kernel.appcore.dll
[0819/142813.958:ERROR:process_memory_win.cc(73)] ReadMemory at 0x7ff820f20000 of 64 bytes failed: Only part of a ReadProcessMemory or WriteProcessMemory request was completed. (0x12B)
[0819/142813.958:WARNING:pe_image_reader.cc(340)] could not read dos header from C:\WINDOWS\System32\bcrypt.dll
[0819/142813.958:ERROR:process_memory_win.cc(73)] ReadMemory at 0x7ff810090000 of 64 bytes failed: Only part of a ReadProcessMemory or WriteProcessMemory request was completed. (0x12B)
[0819/142813.958:WARNING:pe_image_reader.cc(340)] could not read dos header from C:\WINDOWS\SYSTEM32\dbghelp.dll
[0819/142813.958:ERROR:process_memory_win.cc(73)] ReadMemory at 0x7ff814250000 of 64 bytes failed: Only part of a ReadProcessMemory or WriteProcessMemory request was completed. (0x12B)
[0819/142813.958:WARNING:pe_image_reader.cc(340)] could not read dos header from C:\WINDOWS\SYSTEM32\WINHTTP.dll
[0819/142813.958:ERROR:process_memory_win.cc(73)] ReadMemory at 0x7ff8145b0000 of 64 bytes failed: Only part of a ReadProcessMemory or WriteProcessMemory request was completed. (0x12B)
[0819/142813.958:WARNING:pe_image_reader.cc(340)] could not read dos header from C:\WINDOWS\SYSTEM32\dhcpcsvc.DLL
[0819/142813.958:ERROR:process_memory_win.cc(73)] ReadMemory at 0x7ff8233a0000 of 64 bytes failed: Only part of a ReadProcessMemory or WriteProcessMemory request was completed. (0x12B)
[0819/142813.958:WARNING:pe_image_reader.cc(340)] could not read dos header from C:\WINDOWS\System32\NSI.dll
[0819/142813.958:ERROR:process_memory_win.cc(73)] ReadMemory at 0x7ff81e7c0000 of 64 bytes failed: Only part of a ReadProcessMemory or WriteProcessMemory request was completed. (0x12B)
[0819/142813.958:WARNING:pe_image_reader.cc(340)] could not read dos header from C:\WINDOWS\SYSTEM32\WINMMBASE.dll
[0819/142813.958:ERROR:process_memory_win.cc(73)] ReadMemory at 0x7ff8210f0000 of 64 bytes failed: Only part of a ReadProcessMemory or WriteProcessMemory request was completed. (0x12B)
[0819/142813.959:WARNING:pe_image_reader.cc(340)] could not read dos header from C:\WINDOWS\System32\cfgmgr32.dll
[0819/142813.959:ERROR:process_memory_win.cc(73)] ReadMemory at 0x7ff81cfe0000 of 64 bytes failed: Only part of a ReadProcessMemory or WriteProcessMemory request was completed. (0x12B)
[0819/142813.959:WARNING:pe_image_reader.cc(340)] could not read dos header from C:\WINDOWS\SYSTEM32\PROPSYS.dll
[0819/142813.959:ERROR:process_memory_win.cc(73)] ReadMemory at 0x7ff822300000 of 64 bytes failed: Only part of a ReadProcessMemory or WriteProcessMemory request was completed. (0x12B)
[0819/142813.959:WARNING:pe_image_reader.cc(340)] could not read dos header from C:\WINDOWS\System32\shcore.dll
[0819/142813.959:ERROR:process_memory_win.cc(73)] ReadMemory at 0x7ff820520000 of 64 bytes failed: Only part of a ReadProcessMemory or WriteProcessMemory request was completed. (0x12B)
[0819/142813.959:WARNING:pe_image_reader.cc(340)] could not read dos header from C:\WINDOWS\SYSTEM32\SSPICLI.DLL
[0819/142813.959:ERROR:process_memory_win.cc(73)] ReadMemory at 0x7ff820010000 of 64 bytes failed: Only part of a ReadProcessMemory or WriteProcessMemory request was completed. (0x12B)
[0819/142813.959:WARNING:pe_image_reader.cc(340)] could not read dos header from C:\WINDOWS\SYSTEM32\CRYPTBASE.DLL
[0819/142814.402:ERROR:process_memory_win.cc(73)] ReadMemory at 0xb3e5dee000 of 73728 bytes failed: Only part of a ReadProcessMemory or WriteProcessMemory request was completed. (0x12B)
[0819/142814.424:ERROR:process_memory_win.cc(73)] ReadMemory at 0xb3e65fd000 of 12288 bytes failed: Only part of a ReadProcessMemory or WriteProcessMemory request was completed. (0x12B)
[0819/142814.425:ERROR:process_memory_win.cc(73)] ReadMemory at 0xb3e75fc000 of 16384 bytes failed: Only part of a ReadProcessMemory or WriteProcessMemory request was completed. (0x12B)
[0819/142814.425:ERROR:process_memory_win.cc(73)] ReadMemory at 0xb3e7dfb000 of 20480 bytes failed: Only part of a ReadProcessMemory or WriteProcessMemory request was completed. (0x12B)
[0819/142814.425:ERROR:process_memory_win.cc(73)] ReadMemory at 0xb3e85ff000 of 4096 bytes failed: Only part of a ReadProcessMemory or WriteProcessMemory request was completed. (0x12B)
[0819/142814.425:ERROR:process_memory_win.cc(73)] ReadMemory at 0xb3e8dfd000 of 12288 bytes failed: Only part of a ReadProcessMemory or WriteProcessMemory request was completed. (0x12B)
[0819/142814.426:ERROR:process_memory_win.cc(73)] ReadMemory at 0xb3e95fb000 of 20480 bytes failed: Only part of a ReadProcessMemory or WriteProcessMemory request was completed. (0x12B)
[0819/142814.426:ERROR:process_memory_win.cc(73)] ReadMemory at 0xb3ea5fb000 of 20480 bytes failed: Only part of a ReadProcessMemory or WriteProcessMemory request was completed. (0x12B)
[0819/142814.426:ERROR:process_memory_win.cc(73)] ReadMemory at 0xb3eadfd000 of 12288 bytes failed: Only part of a ReadProcessMemory or WriteProcessMemory request was completed. (0x12B)
[0819/142814.426:ERROR:process_memory_win.cc(73)] ReadMemory at 0xb3eb5fd000 of 12288 bytes failed: Only part of a ReadProcessMemory or WriteProcessMemory request was completed. (0x12B)
[0819/142814.427:ERROR:process_memory_win.cc(73)] ReadMemory at 0xb3ebdf9000 of 28672 bytes failed: Only part of a ReadProcessMemory or WriteProcessMemory request was completed. (0x12B)
[0819/142814.427:ERROR:process_memory_win.cc(73)] ReadMemory at 0xb3ec5fc000 of 16384 bytes failed: Only part of a ReadProcessMemory or WriteProcessMemory request was completed. (0x12B)
[0819/142814.427:ERROR:process_memory_win.cc(73)] ReadMemory at 0xb3ecdfd000 of 12288 bytes failed: Only part of a ReadProcessMemory or WriteProcessMemory request was completed. (0x12B)
[0819/142814.428:ERROR:process_memory_win.cc(73)] ReadMemory at 0xb3ed5f9000 of 28672 bytes failed: Only part of a ReadProcessMemory or WriteProcessMemory request was completed. (0x12B)
[0819/142814.428:ERROR:process_memory_win.cc(73)] ReadMemory at 0xb3ef5fb000 of 20480 bytes failed: Only part of a ReadProcessMemory or WriteProcessMemory request was completed. (0x12B)
[0819/142814.428:ERROR:process_memory_win.cc(73)] ReadMemory at 0xb3e6dfd000 of 12288 bytes failed: Only part of a ReadProcessMemory or WriteProcessMemory request was completed. (0x12B)
[0819/142814.428:ERROR:process_memory_win.cc(73)] ReadMemory at 0xb3eddfd000 of 12288 bytes failed: Only part of a ReadProcessMemory or WriteProcessMemory request was completed. (0x12B)
[0819/142814.429:ERROR:process_memory_win.cc(73)] ReadMemory at 0xb3e9dfd000 of 12288 bytes failed: Only part of a ReadProcessMemory or WriteProcessMemory request was completed. (0x12B)
[0819/142814.429:ERROR:process_memory_win.cc(73)] ReadMemory at 0xb3ee5fd000 of 12288 bytes failed: Only part of a ReadProcessMemory or WriteProcessMemory request was completed. (0x12B)
[0819/142814.429:ERROR:process_memory_win.cc(73)] ReadMemory at 0xb3eedfe000 of 8192 bytes failed: Only part of a ReadProcessMemory or WriteProcessMemory request was completed. (0x12B)
[0819/142815.255:ERROR:process_memory_win.cc(73)] ReadMemory at 0xb3e558a000 of 852 bytes failed: Only part of a ReadProcessMemory or WriteProcessMemory request was completed. (0x12B)
[0819/142815.590:ERROR:process_memory_win.cc(73)] ReadMemory at 0xb3e558b000 of 6024 bytes failed: Only part of a ReadProcessMemory or WriteProcessMemory request was completed. (0x12B)
[0819/142815.590:ERROR:process_memory_win.cc(73)] ReadMemory at 0xb3e558d000 of 6024 bytes failed: Only part of a ReadProcessMemory or WriteProcessMemory request was completed. (0x12B)
[0819/142815.590:ERROR:process_memory_win.cc(73)] ReadMemory at 0xb3e5591000 of 6024 bytes failed: Only part of a ReadProcessMemory or WriteProcessMemory request was completed. (0x12B)
[0819/142815.591:ERROR:process_memory_win.cc(73)] ReadMemory at 0xb3e5593000 of 6024 bytes failed: Only part of a ReadProcessMemory or WriteProcessMemory request was completed. (0x12B)
[0819/142815.591:ERROR:process_memory_win.cc(73)] ReadMemory at 0xb3e5595000 of 6024 bytes failed: Only part of a ReadProcessMemory or WriteProcessMemory request was completed. (0x12B)
[0819/142815.591:ERROR:process_memory_win.cc(73)] ReadMemory at 0xb3e5597000 of 6024 bytes failed: Only part of a ReadProcessMemory or WriteProcessMemory request was completed. (0x12B)
[0819/142815.591:ERROR:process_memory_win.cc(73)] ReadMemory at 0xb3e5599000 of 6024 bytes failed: Only part of a ReadProcessMemory or WriteProcessMemory request was completed. (0x12B)
[0819/142815.591:ERROR:process_memory_win.cc(73)] ReadMemory at 0xb3e559d000 of 6024 bytes failed: Only part of a ReadProcessMemory or WriteProcessMemory request was completed. (0x12B)
[0819/142815.592:ERROR:process_memory_win.cc(73)] ReadMemory at 0xb3e559f000 of 6024 bytes failed: Only part of a ReadProcessMemory or WriteProcessMemory request was completed. (0x12B)
[0819/142815.592:ERROR:process_memory_win.cc(73)] ReadMemory at 0xb3e55a1000 of 6024 bytes failed: Only part of a ReadProcessMemory or WriteProcessMemory request was completed. (0x12B)
[0819/142815.592:ERROR:process_memory_win.cc(73)] ReadMemory at 0xb3e55a3000 of 6024 bytes failed: Only part of a ReadProcessMemory or WriteProcessMemory request was completed. (0x12B)
[0819/142815.592:ERROR:process_memory_win.cc(73)] ReadMemory at 0xb3e55a5000 of 6024 bytes failed: Only part of a ReadProcessMemory or WriteProcessMemory request was completed. (0x12B)
[0819/142815.592:ERROR:process_memory_win.cc(73)] ReadMemory at 0xb3e55a7000 of 6024 bytes failed: Only part of a ReadProcessMemory or WriteProcessMemory request was completed. (0x12B)
[0819/142815.593:ERROR:process_memory_win.cc(73)] ReadMemory at 0xb3e55a9000 of 6024 bytes failed: Only part of a ReadProcessMemory or WriteProcessMemory request was completed. (0x12B)
[0819/142815.593:ERROR:process_memory_win.cc(73)] ReadMemory at 0xb3e55b1000 of 6024 bytes failed: Only part of a ReadProcessMemory or WriteProcessMemory request was completed. (0x12B)
[0819/142815.593:ERROR:process_memory_win.cc(73)] ReadMemory at 0xb3e55bd000 of 6024 bytes failed: Only part of a ReadProcessMemory or WriteProcessMemory request was completed. (0x12B)
[0819/142815.593:ERROR:process_memory_win.cc(73)] ReadMemory at 0xb3e55bf000 of 6024 bytes failed: Only part of a ReadProcessMemory or WriteProcessMemory request was completed. (0x12B)
[0819/142815.593:ERROR:process_memory_win.cc(73)] ReadMemory at 0xb3e55c1000 of 6024 bytes failed: Only part of a ReadProcessMemory or WriteProcessMemory request was completed. (0x12B)
[0819/142815.593:ERROR:process_memory_win.cc(73)] ReadMemory at 0xb3e55c3000 of 6024 bytes failed: Only part of a ReadProcessMemory or WriteProcessMemory request was completed. (0x12B)
[0819/142815.594:ERROR:process_memory_win.cc(73)] ReadMemory at 0xb3e55c5000 of 6024 bytes failed: Only part of a ReadProcessMemory or WriteProcessMemory request was completed. (0x12B)
[0819/142815.594:ERROR:process_memory_win.cc(73)] ReadMemory at 0x1dcc6da0000 of 384 bytes failed: Only part of a ReadProcessMemory or WriteProcessMemory request was completed. (0x12B)
[0819/142815.836:ERROR:process_memory_win.cc(73)] ReadMemory at 0x1dcc6da0fe0 of 18550 bytes failed: Only part of a ReadProcessMemory or WriteProcessMemory request was completed. (0x12B)
[0819/142815.877:ERROR:process_memory_win.cc(73)] ReadMemory at 0x1dcc6da5860 of 1012 bytes failed: Only part of a ReadProcessMemory or WriteProcessMemory request was completed. (0x12B)
[0819/142815.877:ERROR:process_memory_win.cc(73)] ReadMemory at 0x1dcc6da5ea8 of 118 bytes failed: Only part of a ReadProcessMemory or WriteProcessMemory request was completed. (0x12B)
[0819/142815.979:ERROR:process_memory_win.cc(73)] ReadMemory at 0x1dcc6da5f20 of 850 bytes failed: Only part of a ReadProcessMemory or WriteProcessMemory request was completed. (0x12B)
[0819/142816.043:ERROR:process_memory_win.cc(73)] ReadMemory at 0x1dcc6da6274 of 118 bytes failed: Only part of a ReadProcessMemory or WriteProcessMemory request was completed. (0x12B)
[0819/142816.044:ERROR:process_memory_win.cc(73)] ReadMemory at 0x1dcc6da62ec of 100 bytes failed: Only part of a ReadProcessMemory or WriteProcessMemory request was completed. (0x12B)
[0819/142816.044:ERROR:process_memory_win.cc(73)] ReadMemory at 0x1dcc6da6360 of 58 bytes failed: Only part of a ReadProcessMemory or WriteProcessMemory request was completed. (0x12B)
[0819/142816.044:ERROR:process_memory_win.cc(73)] ReadMemory at 0x1dcc6da6460 of 132 bytes failed: Only part of a ReadProcessMemory or WriteProcessMemory request was completed. (0x12B)
[0819/142816.044:ERROR:process_memory_win.cc(73)] ReadMemory at 0x1dcc6da65f0 of 132 bytes failed: Only part of a ReadProcessMemory or WriteProcessMemory request was completed. (0x12B)
[0819/142816.044:ERROR:process_memory_win.cc(73)] ReadMemory at 0x1dcc6da67b0 of 126 bytes failed: Only part of a ReadProcessMemory or WriteProcessMemory request was completed. (0x12B)
[0819/142816.044:ERROR:process_memory_win.cc(73)] ReadMemory at 0x1dcc6da6b90 of 132 bytes failed: Only part of a ReadProcessMemory or WriteProcessMemory request was completed. (0x12B)
[0819/142816.081:ERROR:process_memory_win.cc(73)] ReadMemory at 0x1dcc6da6d20 of 64 bytes failed: Only part of a ReadProcessMemory or WriteProcessMemory request was completed. (0x12B)
[0819/142816.081:ERROR:process_memory_win.cc(73)] ReadMemory at 0x1dcc6da6e80 of 132 bytes failed: Only part of a ReadProcessMemory or WriteProcessMemory request was completed. (0x12B)
[0819/142816.082:ERROR:process_memory_win.cc(73)] ReadMemory at 0x1dcc6da7010 of 62 bytes failed: Only part of a ReadProcessMemory or WriteProcessMemory request was completed. (0x12B)
[0819/142816.433:ERROR:process_memory_win.cc(73)] ReadMemory at 0x1dcc6da7180 of 132 bytes failed: Only part of a ReadProcessMemory or WriteProcessMemory request was completed. (0x12B)
[0819/142816.433:ERROR:process_memory_win.cc(73)] ReadMemory at 0x1dcc6da7310 of 68 bytes failed: Only part of a ReadProcessMemory or WriteProcessMemory request was completed. (0x12B)
[0819/142816.433:ERROR:process_memory_win.cc(73)] ReadMemory at 0x1dcc6db4000 of 132 bytes failed: Only part of a ReadProcessMemory or WriteProcessMemory request was completed. (0x12B)
[0819/142816.455:ERROR:process_memory_win.cc(73)] ReadMemory at 0x1dcc6db4210 of 132 bytes failed: Only part of a ReadProcessMemory or WriteProcessMemory request was completed. (0x12B)
[0819/142816.495:ERROR:process_memory_win.cc(73)] ReadMemory at 0x1dcc6db43a0 of 154 bytes failed: Only part of a ReadProcessMemory or WriteProcessMemory request was completed. (0x12B)
[0819/142816.495:ERROR:process_memory_win.cc(73)] ReadMemory at 0x1dcc6db49f0 of 132 bytes failed: Only part of a ReadProcessMemory or WriteProcessMemory request was completed. (0x12B)
[0819/142816.496:ERROR:process_memory_win.cc(73)] ReadMemory at 0x1dcc6db5de0 of 62 bytes failed: Only part of a ReadProcessMemory or WriteProcessMemory request was completed. (0x12B)
[0819/142816.496:ERROR:process_memory_win.cc(73)] ReadMemory at 0x1dcc6db5f70 of 60 bytes failed: Only part of a ReadProcessMemory or WriteProcessMemory request was completed. (0x12B)
[0819/142816.496:ERROR:process_memory_win.cc(73)] ReadMemory at 0x1dcc6dc1b60 of 62 bytes failed: Only part of a ReadProcessMemory or WriteProcessMemory request was completed. (0x12B)
[0819/142816.678:ERROR:process_memory_win.cc(73)] ReadMemory at 0x1dcc6dc3890 of 54 bytes failed: Only part of a ReadProcessMemory or WriteProcessMemory request was completed. (0x12B)
[0819/142817.405:ERROR:process_memory_win.cc(73)] ReadMemory at 0x1dcc6dc5ce0 of 132 bytes failed: Only part of a ReadProcessMemory or WriteProcessMemory request was completed. (0x12B)
[0819/142817.405:ERROR:process_memory_win.cc(73)] ReadMemory at 0x1dcc6dc5e10 of 132 bytes failed: Only part of a ReadProcessMemory or WriteProcessMemory request was completed. (0x12B)
[0819/142817.405:ERROR:process_memory_win.cc(73)] ReadMemory at 0x1dcc6dc5f40 of 132 bytes failed: Only part of a ReadProcessMemory or WriteProcessMemory request was completed. (0x12B)
[0819/142817.419:ERROR:process_memory_win.cc(73)] ReadMemory at 0x1dcc6dc6750 of 132 bytes failed: Only part of a ReadProcessMemory or WriteProcessMemory request was completed. (0x12B)
[0819/142817.419:ERROR:process_memory_win.cc(73)] ReadMemory at 0x1dcc6dc7130 of 80 bytes failed: Only part of a ReadProcessMemory or WriteProcessMemory request was completed. (0x12B)
[0819/142817.419:ERROR:process_memory_win.cc(73)] ReadMemory at 0x1dcc6dc7b50 of 76 bytes failed: Only part of a ReadProcessMemory or WriteProcessMemory request was completed. (0x12B)
[0819/142817.419:ERROR:process_memory_win.cc(73)] ReadMemory at 0x1dcc6dcd980 of 80 bytes failed: Only part of a ReadProcessMemory or WriteProcessMemory request was completed. (0x12B)
[0819/142817.420:ERROR:process_memory_win.cc(73)] ReadMemory at 0x1dcc6dceed0 of 146 bytes failed: Only part of a ReadProcessMemory or WriteProcessMemory request was completed. (0x12B)
[0819/142817.519:ERROR:process_memory_win.cc(73)] ReadMemory at 0x1dcc6dcf0a0 of 66 bytes failed: Only part of a ReadProcessMemory or WriteProcessMemory request was completed. (0x12B)
[0819/142817.574:ERROR:process_memory_win.cc(73)] ReadMemory at 0x1dcc6dcf0f0 of 64 bytes failed: Only part of a ReadProcessMemory or WriteProcessMemory request was completed. (0x12B)
[0819/142817.727:ERROR:process_memory_win.cc(73)] ReadMemory at 0x1dcc6dcf140 of 60 bytes failed: Only part of a ReadProcessMemory or WriteProcessMemory request was completed. (0x12B)
[0819/142818.178:ERROR:process_memory_win.cc(73)] ReadMemory at 0x1dcc6dcf190 of 62 bytes failed: Only part of a ReadProcessMemory or WriteProcessMemory request was completed. (0x12B)
[0819/142818.208:ERROR:process_memory_win.cc(73)] ReadMemory at 0x1dcc6dcf1e0 of 64 bytes failed: Only part of a ReadProcessMemory or WriteProcessMemory request was completed. (0x12B)
[0819/142818.208:ERROR:process_memory_win.cc(73)] ReadMemory at 0x1dcc6dcf230 of 62 bytes failed: Only part of a ReadProcessMemory or WriteProcessMemory request was completed. (0x12B)
[0819/142818.208:ERROR:process_memory_win.cc(73)] ReadMemory at 0x1dcc6dcf2d0 of 60 bytes failed: Only part of a ReadProcessMemory or WriteProcessMemory request was completed. (0x12B)
[0819/142818.208:ERROR:process_memory_win.cc(73)] ReadMemory at 0x1dcc6dcf320 of 60 bytes failed: Only part of a ReadProcessMemory or WriteProcessMemory request was completed. (0x12B)
[0819/142818.208:ERROR:process_memory_win.cc(73)] ReadMemory at 0x1dcc6dcf3c0 of 62 bytes failed: Only part of a ReadProcessMemory or WriteProcessMemory request was completed. (0x12B)
[0819/142818.998:ERROR:process_memory_win.cc(73)] ReadMemory at 0x1dcc6dcf500 of 64 bytes failed: Only part of a ReadProcessMemory or WriteProcessMemory request was completed. (0x12B)
[0819/142819.020:ERROR:process_memory_win.cc(73)] ReadMemory at 0x1dcc6dcf5a0 of 64 bytes failed: Only part of a ReadProcessMemory or WriteProcessMemory request was completed. (0x12B)
[0819/142819.021:ERROR:process_memory_win.cc(73)] ReadMemory at 0x1dcc6dcf640 of 58 bytes failed: Only part of a ReadProcessMemory or WriteProcessMemory request was completed. (0x12B)
[0819/142819.021:ERROR:process_memory_win.cc(73)] ReadMemory at 0x1dcc6dcf730 of 60 bytes failed: Only part of a ReadProcessMemory or WriteProcessMemory request was completed. (0x12B)
[0819/142819.021:ERROR:process_memory_win.cc(73)] ReadMemory at 0x1dcc6dcf820 of 62 bytes failed: Only part of a ReadProcessMemory or WriteProcessMemory request was completed. (0x12B)
[0819/142819.021:ERROR:process_memory_win.cc(73)] ReadMemory at 0x1dcc6dcf910 of 60 bytes failed: Only part of a ReadProcessMemory or WriteProcessMemory request was completed. (0x12B)
[0819/142819.021:ERROR:process_memory_win.cc(73)] ReadMemory at 0x1dcc6dcf9b0 of 64 bytes failed: Only part of a ReadProcessMemory or WriteProcessMemory request was completed. (0x12B)
[0819/142819.080:ERROR:process_memory_win.cc(73)] ReadMemory at 0x1dcc6dcfa00 of 62 bytes failed: Only part of a ReadProcessMemory or WriteProcessMemory request was completed. (0x12B)
[0819/142819.461:ERROR:process_memory_win.cc(73)] ReadMemory at 0x1dcc6dcfaa0 of 62 bytes failed: Only part of a ReadProcessMemory or WriteProcessMemory request was completed. (0x12B)
[0819/142819.788:ERROR:process_memory_win.cc(73)] ReadMemory at 0x1dcc6dcfaf0 of 66 bytes failed: Only part of a ReadProcessMemory or WriteProcessMemory request was completed. (0x12B)
[0819/142820.201:ERROR:process_memory_win.cc(73)] ReadMemory at 0x1dcc6dcfb40 of 64 bytes failed: Only part of a ReadProcessMemory or WriteProcessMemory request was completed. (0x12B)
[0819/142820.217:ERROR:process_memory_win.cc(73)] ReadMemory at 0x1dcc6dcfc30 of 62 bytes failed: Only part of a ReadProcessMemory or WriteProcessMemory request was completed. (0x12B)
[0819/142820.279:ERROR:process_memory_win.cc(73)] ReadMemory at 0x1dcc6dcfcd0 of 64 bytes failed: Only part of a ReadProcessMemory or WriteProcessMemory request was completed. (0x12B)
[0819/142820.298:ERROR:process_memory_win.cc(73)] ReadMemory at 0x1dcc6dcfd20 of 62 bytes failed: Only part of a ReadProcessMemory or WriteProcessMemory request was completed. (0x12B)
[0819/142820.898:ERROR:process_memory_win.cc(73)] ReadMemory at 0x1dcc6dcfdc0 of 60 bytes failed: Only part of a ReadProcessMemory or WriteProcessMemory request was completed. (0x12B)
[0819/142820.898:ERROR:process_memory_win.cc(73)] ReadMemory at 0x1dcc6dcfeb0 of 62 bytes failed: Only part of a ReadProcessMemory or WriteProcessMemory request was completed. (0x12B)
[0819/142820.899:ERROR:process_memory_win.cc(73)] ReadMemory at 0x1dcc6dcff00 of 64 bytes failed: Only part of a ReadProcessMemory or WriteProcessMemory request was completed. (0x12B)
[0819/142821.225:ERROR:process_memory_win.cc(73)] ReadMemory at 0x1dcc6dd1200 of 132 bytes failed: Only part of a ReadProcessMemory or WriteProcessMemory request was completed. (0x12B)
[0819/142821.225:ERROR:process_memory_win.cc(73)] ReadMemory at 0x1dcc6dd1460 of 132 bytes failed: Only part of a ReadProcessMemory or WriteProcessMemory request was completed. (0x12B)
[0819/142821.225:ERROR:process_memory_win.cc(73)] ReadMemory at 0x1dcc6dd1590 of 132 bytes failed: Only part of a ReadProcessMemory or WriteProcessMemory request was completed. (0x12B)
[0819/142822.204:ERROR:process_memory_win.cc(73)] ReadMemory at 0x1dcc6dd16c0 of 132 bytes failed: Only part of a ReadProcessMemory or WriteProcessMemory request was completed. (0x12B)
[0819/142822.568:ERROR:process_memory_win.cc(73)] ReadMemory at 0x1dcc6dd17f0 of 132 bytes failed: Only part of a ReadProcessMemory or WriteProcessMemory request was completed. (0x12B)
[0819/142822.568:ERROR:process_memory_win.cc(73)] ReadMemory at 0x1dcc6dd1920 of 132 bytes failed: Only part of a ReadProcessMemory or WriteProcessMemory request was completed. (0x12B)
[0819/142822.954:ERROR:process_memory_win.cc(73)] ReadMemory at 0x1dcc6dd1b80 of 132 bytes failed: Only part of a ReadProcessMemory or WriteProcessMemory request was completed. (0x12B)
[0819/142822.954:ERROR:process_memory_win.cc(73)] ReadMemory at 0x1dcc6dd1cb0 of 132 bytes failed: Only part of a ReadProcessMemory or WriteProcessMemory request was completed. (0x12B)
[0819/142822.955:ERROR:process_memory_win.cc(73)] ReadMemory at 0x1dcc6dd1de0 of 132 bytes failed: Only part of a ReadProcessMemory or WriteProcessMemory request was completed. (0x12B)
[0819/142822.955:ERROR:process_memory_win.cc(73)] ReadMemory at 0x1dcc6dd1f10 of 132 bytes failed: Only part of a ReadProcessMemory or WriteProcessMemory request was completed. (0x12B)
[0819/142824.490:ERROR:process_memory_win.cc(73)] ReadMemory at 0x1dcc6dd2040 of 132 bytes failed: Only part of a ReadProcessMemory or WriteProcessMemory request was completed. (0x12B)
[0819/142824.565:ERROR:process_memory_win.cc(73)] ReadMemory at 0x1dcc6dd2170 of 132 bytes failed: Only part of a ReadProcessMemory or WriteProcessMemory request was completed. (0x12B)
[0819/142824.565:ERROR:process_memory_win.cc(73)] ReadMemory at 0x1dcc6dd22a0 of 132 bytes failed: Only part of a ReadProcessMemory or WriteProcessMemory request was completed. (0x12B)
[0819/142824.565:ERROR:process_memory_win.cc(73)] ReadMemory at 0x1dcc6dd4630 of 132 bytes failed: Only part of a ReadProcessMemory or WriteProcessMemory request was completed. (0x12B)
[0819/142824.565:ERROR:process_memory_win.cc(73)] ReadMemory at 0x1dcc6dd4760 of 132 bytes failed: Only part of a ReadProcessMemory or WriteProcessMemory request was completed. (0x12B)
[0819/142824.676:ERROR:process_memory_win.cc(73)] ReadMemory at 0x1dcc6dd9c10 of 132 bytes failed: Only part of a ReadProcessMemory or WriteProcessMemory request was completed. (0x12B)
[0819/142824.676:ERROR:process_memory_win.cc(73)] ReadMemory at 0x1dcc6dd9e30 of 132 bytes failed: Only part of a ReadProcessMemory or WriteProcessMemory request was completed. (0x12B)
[0819/142824.676:ERROR:process_memory_win.cc(73)] ReadMemory at 0x1dcc6dd9fb0 of 132 bytes failed: Only part of a ReadProcessMemory or WriteProcessMemory request was completed. (0x12B)
[0819/142824.738:ERROR:process_memory_win.cc(73)] ReadMemory at 0x1dcc6dda0e0 of 132 bytes failed: Only part of a ReadProcessMemory or WriteProcessMemory request was completed. (0x12B)
[0819/142824.738:ERROR:process_memory_win.cc(73)] ReadMemory at 0x1dcc6dda470 of 132 bytes failed: Only part of a ReadProcessMemory or WriteProcessMemory request was completed. (0x12B)
[0819/142824.738:ERROR:process_memory_win.cc(73)] ReadMemory at 0x1dcc6dda5a0 of 132 bytes failed: Only part of a ReadProcessMemory or WriteProcessMemory request was completed. (0x12B)
[0819/142824.738:ERROR:process_memory_win.cc(73)] ReadMemory at 0x1dcc6ddadf0 of 132 bytes failed: Only part of a ReadProcessMemory or WriteProcessMemory request was completed. (0x12B)
[0819/142824.738:ERROR:process_memory_win.cc(73)] ReadMemory at 0x1dcc6ddaf20 of 132 bytes failed: Only part of a ReadProcessMemory or WriteProcessMemory request was completed. (0x12B)
[0819/142824.875:ERROR:process_memory_win.cc(73)] ReadMemory at 0x1dcc6ddb3e0 of 132 bytes failed: Only part of a ReadProcessMemory or WriteProcessMemory request was completed. (0x12B)
[0819/142824.905:ERROR:process_memory_win.cc(73)] ReadMemory at 0x1dcc6ddb510 of 132 bytes failed: Only part of a ReadProcessMemory or WriteProcessMemory request was completed. (0x12B)
[0819/142824.905:ERROR:process_memory_win.cc(73)] ReadMemory at 0x1dcc6ddb8a0 of 132 bytes failed: Only part of a ReadProcessMemory or WriteProcessMemory request was completed. (0x12B)
[0819/142824.905:ERROR:process_memory_win.cc(73)] ReadMemory at 0x1dcc6ddb9d0 of 132 bytes failed: Only part of a ReadProcessMemory or WriteProcessMemory request was completed. (0x12B)
[0819/142825.173:ERROR:process_memory_win.cc(73)] ReadMemory at 0x1dcc6ddbb00 of 132 bytes failed: Only part of a ReadProcessMemory or WriteProcessMemory request was completed. (0x12B)
[0819/142825.174:ERROR:process_memory_win.cc(73)] ReadMemory at 0x1dcc6de2750 of 512 bytes failed: Only part of a ReadProcessMemory or WriteProcessMemory request was completed. (0x12B)
[0819/142825.174:ERROR:process_memory_win.cc(73)] ReadMemory at 0x1dcc6e34e50 of 512 bytes failed: Only part of a ReadProcessMemory or WriteProcessMemory request was completed. (0x12B)
[0819/142825.174:ERROR:process_memory_win.cc(73)] ReadMemory at 0x1dcc6e61fd0 of 512 bytes failed: Only part of a ReadProcessMemory or WriteProcessMemory request was completed. (0x12B)
[0819/142825.174:ERROR:process_memory_win.cc(73)] ReadMemory at 0x1dcc6e62e70 of 512 bytes failed: Only part of a ReadProcessMemory or WriteProcessMemory request was completed. (0x12B)
[0819/142825.962:ERROR:process_memory_win.cc(73)] ReadMemory at 0x1dcc6e6e920 of 712 bytes failed: Only part of a ReadProcessMemory or WriteProcessMemory request was completed. (0x12B)
[0819/142827.702:ERROR:process_memory_win.cc(73)] ReadMemory at 0x1dcc6e87020 of 512 bytes failed: Only part of a ReadProcessMemory or WriteProcessMemory request was completed. (0x12B)
[0819/142827.822:ERROR:process_memory_win.cc(73)] ReadMemory at 0x1dcc87df5b0 of 512 bytes failed: Only part of a ReadProcessMemory or WriteProcessMemory request was completed. (0x12B)
[0819/142828.556:ERROR:process_memory_win.cc(73)] ReadMemory at 0x1dcc8e08020 of 512 bytes failed: Only part of a ReadProcessMemory or WriteProcessMemory request was completed. (0x12B)
[0819/142829.493:ERROR:process_memory_win.cc(73)] ReadMemory at 0x1dcc8ea49f8 of 512 bytes failed: Only part of a ReadProcessMemory or WriteProcessMemory request was completed. (0x12B)
[0819/142834.439:ERROR:process_memory_win.cc(73)] ReadMemory at 0x1dcc8fb4ca8 of 512 bytes failed: Only part of a ReadProcessMemory or WriteProcessMemory request was completed. (0x12B)
[0819/142834.440:ERROR:process_memory_win.cc(73)] ReadMemory at 0x1dccaee0fc0 of 512 bytes failed: Only part of a ReadProcessMemory or WriteProcessMemory request was completed. (0x12B)
[0819/142834.440:ERROR:process_memory_win.cc(73)] ReadMemory at 0x724a2ebafec0 of 512 bytes failed: Only part of a ReadProcessMemory or WriteProcessMemory request was completed. (0x12B)
[0819/142848.421:ERROR:process_memory_win.cc(73)] ReadMemory at 0x7ff8016e79b3 of 512 bytes failed: Only part of a ReadProcessMemory or WriteProcessMemory request was completed. (0x12B)
[0819/142914.323:ERROR:process_memory_win.cc(73)] ReadMemory at 0x7ff8016e81a0 of 512 bytes failed: Only part of a ReadProcessMemory or WriteProcessMemory request was completed. (0x12B)
[0819/142932.253:ERROR:process_memory_win.cc(73)] ReadMemory at 0x7ff82381c074 of 672 bytes failed: Only part of a ReadProcessMemory or WriteProcessMemory request was completed. (0x12B)
[0819/142939.325:ERROR:process_memory_win.cc(73)] ReadMemory at 0x7ff82381cb44 of 512 bytes failed: Only part of a ReadProcessMemory or WriteProcessMemory request was completed. (0x12B)
[0819/142944.270:ERROR:process_memory_win.cc(73)] ReadMemory at 0x7ff82381f924 of 608 bytes failed: Only part of a ReadProcessMemory or WriteProcessMemory request was completed. (0x12B)
[0819/142947.587:ERROR:process_memory_win.cc(73)] ReadMemory at 0x7ff8238ac428 of 18 bytes failed: Only part of a ReadProcessMemory or WriteProcessMemory request was completed. (0x12B)
[0819/142948.462:ERROR:process_memory_win.cc(73)] ReadMemory at 0x7ff8238df4f8 of 40 bytes failed: Only part of a ReadProcessMemory or WriteProcessMemory request was completed. (0x12B)
[0819/142949.200:ERROR:process_memory_win.cc(73)] ReadMemory at 0x7ff8238df978 of 48 bytes failed: Only part of a ReadProcessMemory or WriteProcessMemory request was completed. (0x12B)
[0819/142949.220:ERROR:process_memory_win.cc(73)] ReadMemory at 0x7ff8238e53c0 of 64 bytes failed: Only part of a ReadProcessMemory or WriteProcessMemory request was completed. (0x12B)
[0819/142951.733:ERROR:process_memory_win.cc(73)] ReadMemory at 0x7fffd8e3ef05 of 702 bytes failed: Only part of a ReadProcessMemory or WriteProcessMemory request was completed. (0x12B)
[0819/142953.242:ERROR:process_memory_win.cc(73)] ReadMemory at 0x7fffd8eb7880 of 512 bytes failed: Only part of a ReadProcessMemory or WriteProcessMemory request was completed. (0x12B)
[0819/142953.242:ERROR:process_memory_win.cc(73)] ReadMemory at 0x7fffd9fb3fb0 of 512 bytes failed: Only part of a ReadProcessMemory or WriteProcessMemory request was completed. (0x12B)
[0819/142955.480:ERROR:process_memory_win.cc(73)] ReadMemory at 0x7fffdbf27b48 of 512 bytes failed: Only part of a ReadProcessMemory or WriteProcessMemory request was completed. (0x12B)
[0819/142956.846:ERROR:process_memory_win.cc(73)] ReadMemory at 0x7fffdc7946e0 of 512 bytes failed: Only part of a ReadProcessMemory or WriteProcessMemory request was completed. (0x12B)
[0819/143015.125:ERROR:scoped_process_suspend.cc(40)] NtResumeProcess: An attempt was made to access an exiting process. (0xc000010a)
